Build started 8/19/2020 4:43:51 PM.
     1>Project "C:\Users\VietNamSon\OneDrive\Desktop\Du Lieu Desktop\Bai tap doc so thanh chu\Chuong trinh doc so thanh chu\Project4\Project4.vcxproj" on node 2 (Build target(s)).
     1>ClCompile:
         C:\Program Files (x86)\Microsoft Visual Studio 11.0\VC\bin\CL.exe /c /ZI /nologo /W3 /WX- /Od /Oy- /D _MBCS /Gm /EHsc /RTC1 /MDd /GS /fp:precise /Zc:wchar_t /Zc:forScope /Fo"Debug\\" /Fd"Debug\vc110.pdb" /Gd /TP /analyze- /errorReport:prompt Source.cpp
         Source.cpp
     1>c:\users\vietnamson\onedrive\desktop\du lieu desktop\bai tap doc so thanh chu\chuong trinh doc so thanh chu\project4\source.cpp(184): warning C4244: 'initializing' : conversion from 'double' to '__int64', possible loss of data
     1>c:\users\vietnamson\onedrive\desktop\du lieu desktop\bai tap doc so thanh chu\chuong trinh doc so thanh chu\project4\source.cpp(186): warning C4244: 'initializing' : conversion from '__int64' to 'int', possible loss of data
     1>c:\users\vietnamson\onedrive\desktop\du lieu desktop\bai tap doc so thanh chu\chuong trinh doc so thanh chu\project4\source.cpp(195): warning C4244: '=' : conversion from 'double' to '__int64', possible loss of data
     1>c:\users\vietnamson\onedrive\desktop\du lieu desktop\bai tap doc so thanh chu\chuong trinh doc so thanh chu\project4\source.cpp(197): warning C4244: '=' : conversion from '__int64' to 'int', possible loss of data
     1>c:\users\vietnamson\onedrive\desktop\du lieu desktop\bai tap doc so thanh chu\chuong trinh doc so thanh chu\project4\source.cpp(229): warning C4244: 'initializing' : conversion from 'double' to '__int64', possible loss of data
     1>c:\users\vietnamson\onedrive\desktop\du lieu desktop\bai tap doc so thanh chu\chuong trinh doc so thanh chu\project4\source.cpp(231): warning C4244: 'initializing' : conversion from '__int64' to 'int', possible loss of data
     1>c:\users\vietnamson\onedrive\desktop\du lieu desktop\bai tap doc so thanh chu\chuong trinh doc so thanh chu\project4\source.cpp(248): warning C4244: '=' : conversion from 'double' to '__int64', possible loss of data
     1>c:\users\vietnamson\onedrive\desktop\du lieu desktop\bai tap doc so thanh chu\chuong trinh doc so thanh chu\project4\source.cpp(250): warning C4244: '=' : conversion from '__int64' to 'int', possible loss of data
     1>c:\users\vietnamson\onedrive\desktop\du lieu desktop\bai tap doc so thanh chu\chuong trinh doc so thanh chu\project4\source.cpp(279): warning C4996: 'getch': The POSIX name for this item is deprecated. Instead, use the ISO C++ conformant name: _getch. See online help for details.
                 c:\program files (x86)\microsoft visual studio 11.0\vc\include\conio.h(131) : see declaration of 'getch'
       Link:
         C:\Program Files (x86)\Microsoft Visual Studio 11.0\VC\bin\link.exe /ERRORREPORT:PROMPT /OUT:"C:\Users\VietNamSon\OneDrive\Desktop\Du Lieu Desktop\Bai tap doc so thanh chu\Chuong trinh doc so thanh chu\Debug\Project4.exe" /INCREMENTAL /NOLOGO kernel32.lib user32.lib gdi32.lib winspool.lib comdlg32.lib advapi32.lib shell32.lib ole32.lib oleaut32.lib uuid.lib odbc32.lib odbccp32.lib /MANIFEST /MANIFESTUAC:"level='asInvoker' uiAccess='false'" /manifest:embed /DEBUG /PDB:"C:\Users\VietNamSon\OneDrive\Desktop\Du Lieu Desktop\Bai tap doc so thanh chu\Chuong trinh doc so thanh chu\Debug\Project4.pdb" /TLBID:1 /DYNAMICBASE /NXCOMPAT /IMPLIB:"C:\Users\VietNamSon\OneDrive\Desktop\Du Lieu Desktop\Bai tap doc so thanh chu\Chuong trinh doc so thanh chu\Debug\Project4.lib" /MACHINE:X86 Debug\Source.obj
         Project4.vcxproj -> C:\Users\VietNamSon\OneDrive\Desktop\Du Lieu Desktop\Bai tap doc so thanh chu\Chuong trinh doc so thanh chu\Debug\Project4.exe
     1>Done Building Project "C:\Users\VietNamSon\OneDrive\Desktop\Du Lieu Desktop\Bai tap doc so thanh chu\Chuong trinh doc so thanh chu\Project4\Project4.vcxproj" (Build target(s)).

Build succeeded.

Time Elapsed 00:00:02.59
